Arguments: 
  /usr/local/bin/node /usr/local/bin/yarn add gulp

PATH: 
  /Users/ivan/.rvm/gems/ruby-2.3.0/bin:/Users/ivan/.rvm/gems/ruby-2.3.0@global/bin:/Users/ivan/.rvm/rubies/ruby-2.3.0/bin:/usr/local/opt/libiconv/bin:/usr/local/bin:/usr/bin:/bin:/usr/sbin:/sbin:/Library/TeX/texbin:/usr/local/go/bin:/usr/local/MacGPG2/bin:/usr/local/share/dotnet:/opt/X11/bin:/Library/Frameworks/Mono.framework/Versions/Current/Commands:/usr/local/maven/apache-maven-3.3.9/bin:/Users/ivan/.nvm/versions/node/v5.1.1/bin:/Library/Frameworks/Python.framework/Versions/3.5/bin:/Users/ivan/Library/Android/sdk/tools:/Users/ivan/Library/Android/sdk/platform-tools:/Library/Tomcat/bin:/Users/ivan/.rvm/bin

Yarn version: 
  0.27.5

Node version: 
  7.0.0

Platform: 
  darwin x64

npm manifest: 
  {
    "name": "hexo-site",
    "version": "0.0.0",
    "private": true,
    "hexo": {
      "version": "3.2.2"
    },
    "dependencies": {
      "dtrace-provider": "^0.8.0",
      "gitment": "0.0.3",
      "hexo": "^3.2.0",
      "hexo-admin": "^2.1.0",
      "hexo-deployer-git": "^0.2.0",
      "hexo-generator-archive": "^0.1.4",
      "hexo-generator-baidu-sitemap": "^0.1.2",
      "hexo-generator-category": "^0.1.3",
      "hexo-generator-feed": "^1.2.0",
      "hexo-generator-index": "^0.2.0",
      "hexo-generator-json-content": "^2.2.0",
      "hexo-generator-searchdb": "^1.0.3",
      "hexo-generator-sitemap": "^1.1.2",
      "hexo-generator-tag": "^0.2.0",
      "hexo-migrator-ghost": "0.0.1",
      "hexo-renderer-ejs": "^0.2.0",
      "hexo-renderer-less": "^0.2.0",
      "hexo-renderer-marked": "^0.2.10",
      "hexo-renderer-stylus": "^0.3.1",
      "hexo-server": "^0.2.0"
    }
  }

yarn manifest: 
  No manifest

Lockfile: 
  No lockfile

Trace: 
  Error: https://registry.yarnpkg.com/mobx/-/mobx-3.6.2.tgz: unexpected end of file
      at Zlib._handle.onerror (zlib.js:356:17)
